[32minfo[39m:   Backoffice Backend App is running at http://localhost:3000 in dev mode
[32minfo[39m:   Press CTRL-C to stop

[32minfo[39m:   Backoffice Backend App is running at http://localhost:3000 in dev mode
[32minfo[39m:   Press CTRL-C to stop

[32minfo[39m:   Backoffice Backend App is running at http://localhost:3000 in dev mode
[32minfo[39m:   Press CTRL-C to stop

[32minfo[39m:   Backoffice Backend App is running at http://localhost:3000 in dev mode
[32minfo[39m:   Press CTRL-C to stop

[32minfo[39m:   Backoffice Backend App is running at http://localhost:3000 in dev mode
[32minfo[39m:   Press CTRL-C to stop

[32minfo[39m:   Backoffice Backend App is running at http://localhost:3000 in dev mode
[32minfo[39m:   Press CTRL-C to stop

[32minfo[39m:   Backoffice Backend App is running at http://localhost:3000 in dev mode
[32minfo[39m:   Press CTRL-C to stop

[31merror[39m: <UserBirthdate> does not allow the value <as> {"stack":"Error: <UserBirthdate> does not allow the value <as>\n    at UserBirthdate.ensureIsValidDate (/app/src/contexts/shared/domain/value-objects/date-value-object.ts:14:13)\n    at new DateValueObject (/app/src/contexts/shared/domain/value-objects/date-value-object.ts:7:10)\n    at new UserBirthdate (/app/src/contexts/shop/user/domain/user-birthdate.ts:5:5)\n    at UpdateUserCommandHandler.<anonymous> (/app/src/contexts/shop/user/application/command-handlers/update-user-command-handler.ts:27:25)\n    at Generator.next (<anonymous>)\n    at /app/src/contexts/shop/user/application/command-handlers/update-user-command-handler.ts:8:71\n    at new Promise (<anonymous>)\n    at __awaiter (/app/src/contexts/shop/user/application/command-handlers/update-user-command-handler.ts:4:12)\n    at UpdateUserCommandHandler.handle (/app/src/contexts/shop/user/application/command-handlers/update-user-command-handler.ts:30:16)\n    at InMemoryCommandBus.<anonymous> (/app/src/contexts/shared/infrastructure/command-bus/in-memory-command-bus.ts:12:19)"}
[31merror[39m: <UserBirthdate> does not allow the value <1991-05-31T00:00:00.000Z> {"stack":"Error: <UserBirthdate> does not allow the value <1991-05-31T00:00:00.000Z>\n    at UserBirthdate.ensureIsValidDate (/app/src/contexts/shared/domain/value-objects/date-value-object.ts:14:13)\n    at new DateValueObject (/app/src/contexts/shared/domain/value-objects/date-value-object.ts:7:10)\n    at new UserBirthdate (/app/src/contexts/shop/user/domain/user-birthdate.ts:5:5)\n    at UpdateUserCommandHandler.<anonymous> (/app/src/contexts/shop/user/application/command-handlers/update-user-command-handler.ts:27:25)\n    at Generator.next (<anonymous>)\n    at /app/src/contexts/shop/user/application/command-handlers/update-user-command-handler.ts:8:71\n    at new Promise (<anonymous>)\n    at __awaiter (/app/src/contexts/shop/user/application/command-handlers/update-user-command-handler.ts:4:12)\n    at UpdateUserCommandHandler.handle (/app/src/contexts/shop/user/application/command-handlers/update-user-command-handler.ts:30:16)\n    at InMemoryCommandBus.<anonymous> (/app/src/contexts/shared/infrastructure/command-bus/in-memory-command-bus.ts:12:19)"}
[31merror[39m: <UserBirthdate> does not allow the value <1991-05-31T00:00:00.000> {"stack":"Error: <UserBirthdate> does not allow the value <1991-05-31T00:00:00.000>\n    at UserBirthdate.ensureIsValidDate (/app/src/contexts/shared/domain/value-objects/date-value-object.ts:14:13)\n    at new DateValueObject (/app/src/contexts/shared/domain/value-objects/date-value-object.ts:7:10)\n    at new UserBirthdate (/app/src/contexts/shop/user/domain/user-birthdate.ts:5:5)\n    at UpdateUserCommandHandler.<anonymous> (/app/src/contexts/shop/user/application/command-handlers/update-user-command-handler.ts:27:25)\n    at Generator.next (<anonymous>)\n    at /app/src/contexts/shop/user/application/command-handlers/update-user-command-handler.ts:8:71\n    at new Promise (<anonymous>)\n    at __awaiter (/app/src/contexts/shop/user/application/command-handlers/update-user-command-handler.ts:4:12)\n    at UpdateUserCommandHandler.handle (/app/src/contexts/shop/user/application/command-handlers/update-user-command-handler.ts:30:16)\n    at InMemoryCommandBus.<anonymous> (/app/src/contexts/shared/infrastructure/command-bus/in-memory-command-bus.ts:12:19)"}
[32minfo[39m:   Backoffice Backend App is running at http://localhost:3000 in dev mode
[32minfo[39m:   Press CTRL-C to stop

[32minfo[39m:   Backoffice Backend App is running at http://localhost:3000 in dev mode
[32minfo[39m:   Press CTRL-C to stop

[32minfo[39m:   Backoffice Backend App is running at http://localhost:3000 in dev mode
[32minfo[39m:   Press CTRL-C to stop

[32minfo[39m:   Backoffice Backend App is running at http://localhost:3000 in dev mode
[32minfo[39m:   Press CTRL-C to stop

[32minfo[39m:   Backoffice Backend App is running at http://localhost:3000 in dev mode
[32minfo[39m:   Press CTRL-C to stop

[32minfo[39m:   Backoffice Backend App is running at http://localhost:3000 in dev mode
[32minfo[39m:   Press CTRL-C to stop

[32minfo[39m:   Backoffice Backend App is running at http://localhost:3000 in dev mode
[32minfo[39m:   Press CTRL-C to stop

[32minfo[39m:   Backoffice Backend App is running at http://localhost:3000 in dev mode
[32minfo[39m:   Press CTRL-C to stop

[32minfo[39m:   Backoffice Backend App is running at http://localhost:3000 in dev mode
[32minfo[39m:   Press CTRL-C to stop

[32minfo[39m:   Backoffice Backend App is running at http://localhost:3000 in dev mode
[32minfo[39m:   Press CTRL-C to stop

[31merror[39m: <UserBirthdate> does not allow the value <1991-05-31T00:00:00.000> {"stack":"Error: <UserBirthdate> does not allow the value <1991-05-31T00:00:00.000>\n    at UserBirthdate.ensureIsValidDate (/app/src/contexts/shared/domain/value-objects/date-value-object.ts:14:13)\n    at new DateValueObject (/app/src/contexts/shared/domain/value-objects/date-value-object.ts:7:10)\n    at new UserBirthdate (/app/src/contexts/shop/user/domain/user-birthdate.ts:5:5)\n    at UpdateUserCommandHandler.<anonymous> (/app/src/contexts/shop/user/application/command-handlers/update-user-command-handler.ts:26:25)\n    at Generator.next (<anonymous>)\n    at /app/src/contexts/shop/user/application/command-handlers/update-user-command-handler.ts:8:71\n    at new Promise (<anonymous>)\n    at __awaiter (/app/src/contexts/shop/user/application/command-handlers/update-user-command-handler.ts:4:12)\n    at UpdateUserCommandHandler.handle (/app/src/contexts/shop/user/application/command-handlers/update-user-command-handler.ts:30:16)\n    at InMemoryCommandBus.<anonymous> (/app/src/contexts/shared/infrastructure/command-bus/in-memory-command-bus.ts:12:19)"}
[32minfo[39m:   Backoffice Backend App is running at http://localhost:3000 in dev mode
[32minfo[39m:   Press CTRL-C to stop

[31merror[39m: <UserBirthdate> does not allow the value <1991-05-31T00:00:00.000> {"stack":"Error: <UserBirthdate> does not allow the value <1991-05-31T00:00:00.000>\n    at UserBirthdate.ensureIsValidDate (/app/src/contexts/shared/domain/value-objects/date-value-object.ts:14:13)\n    at new DateValueObject (/app/src/contexts/shared/domain/value-objects/date-value-object.ts:7:10)\n    at new UserBirthdate (/app/src/contexts/shop/user/domain/user-birthdate.ts:5:5)\n    at UpdateUserCommandHandler.<anonymous> (/app/src/contexts/shop/user/application/command-handlers/update-user-command-handler.ts:26:25)\n    at Generator.next (<anonymous>)\n    at /app/src/contexts/shop/user/application/command-handlers/update-user-command-handler.ts:8:71\n    at new Promise (<anonymous>)\n    at __awaiter (/app/src/contexts/shop/user/application/command-handlers/update-user-command-handler.ts:4:12)\n    at UpdateUserCommandHandler.handle (/app/src/contexts/shop/user/application/command-handlers/update-user-command-handler.ts:30:16)\n    at InMemoryCommandBus.<anonymous> (/app/src/contexts/shared/infrastructure/command-bus/in-memory-command-bus.ts:12:19)"}
[32minfo[39m:   Backoffice Backend App is running at http://localhost:3000 in dev mode
[32minfo[39m:   Press CTRL-C to stop

[32minfo[39m:   Backoffice Backend App is running at http://localhost:3000 in dev mode
[32minfo[39m:   Press CTRL-C to stop

[32minfo[39m:   Backoffice Backend App is running at http://localhost:3000 in dev mode
[32minfo[39m:   Press CTRL-C to stop

[31merror[39m: <UserBirthdate> does not allow the value <1991-05-31T00:00:00.000> {"stack":"Error: <UserBirthdate> does not allow the value <1991-05-31T00:00:00.000>\n    at UserBirthdate.ensureIsValidDate (/app/src/contexts/shared/domain/value-objects/date-value-object.ts:14:13)\n    at new DateValueObject (/app/src/contexts/shared/domain/value-objects/date-value-object.ts:7:10)\n    at new UserBirthdate (/app/src/contexts/shop/user/domain/user-birthdate.ts:5:5)\n    at UpdateUserCommandHandler.<anonymous> (/app/src/contexts/shop/user/application/command-handlers/update-user-command-handler.ts:26:25)\n    at Generator.next (<anonymous>)\n    at /app/src/contexts/shop/user/application/command-handlers/update-user-command-handler.ts:8:71\n    at new Promise (<anonymous>)\n    at __awaiter (/app/src/contexts/shop/user/application/command-handlers/update-user-command-handler.ts:4:12)\n    at UpdateUserCommandHandler.handle (/app/src/contexts/shop/user/application/command-handlers/update-user-command-handler.ts:30:16)\n    at InMemoryCommandBus.<anonymous> (/app/src/contexts/shared/infrastructure/command-bus/in-memory-command-bus.ts:12:19)"}
[32minfo[39m:   Backoffice Backend App is running at http://localhost:3000 in dev mode
[32minfo[39m:   Press CTRL-C to stop

[32minfo[39m:   Backoffice Backend App is running at http://localhost:3000 in dev mode
[32minfo[39m:   Press CTRL-C to stop

[32minfo[39m:   Backoffice Backend App is running at http://localhost:3000 in dev mode
[32minfo[39m:   Press CTRL-C to stop

[31merror[39m: Email or password is incorrect {"httpCode":401,"stack":"Error: Email or password is incorrect\n    at LoginPostController.<anonymous> (/app/src/apps/shop/backend/controllers/login-post-controller.ts:37:13)\n    at Generator.next (<anonymous>)\n    at fulfilled (/app/src/apps/shop/backend/controllers/login-post-controller.ts:5:58)\n    at processTicksAndRejections (node:internal/process/task_queues:95:5)","statusCode":401}
[32minfo[39m:   Backoffice Backend App is running at http://localhost:3000 in dev mode
[32minfo[39m:   Press CTRL-C to stop

[31merror[39m: Email or password is incorrect {"httpCode":401,"stack":"Error: Email or password is incorrect\n    at LoginPostController.<anonymous> (/app/src/apps/shop/backend/controllers/login-post-controller.ts:38:13)\n    at Generator.next (<anonymous>)\n    at fulfilled (/app/src/apps/shop/backend/controllers/login-post-controller.ts:5:58)\n    at processTicksAndRejections (node:internal/process/task_queues:95:5)","statusCode":401}
[31merror[39m: Email or password is incorrect {"httpCode":401,"stack":"Error: Email or password is incorrect\n    at LoginPostController.<anonymous> (/app/src/apps/shop/backend/controllers/login-post-controller.ts:38:13)\n    at Generator.next (<anonymous>)\n    at fulfilled (/app/src/apps/shop/backend/controllers/login-post-controller.ts:5:58)\n    at processTicksAndRejections (node:internal/process/task_queues:95:5)","statusCode":401}
[32minfo[39m:   Backoffice Backend App is running at http://localhost:3000 in dev mode
[32minfo[39m:   Press CTRL-C to stop

[32minfo[39m:   Backoffice Backend App is running at http://localhost:3000 in dev mode
[32minfo[39m:   Press CTRL-C to stop

[31merror[39m: Email or password is incorrect {"httpCode":401,"stack":"Error: Email or password is incorrect\n    at LoginPostController.<anonymous> (/app/src/apps/shop/backend/controllers/login-post-controller.ts:39:13)\n    at Generator.next (<anonymous>)\n    at fulfilled (/app/src/apps/shop/backend/controllers/login-post-controller.ts:5:58)\n    at processTicksAndRejections (node:internal/process/task_queues:95:5)","statusCode":401}
[31merror[39m: Email or password is incorrect {"httpCode":401,"stack":"Error: Email or password is incorrect\n    at LoginPostController.<anonymous> (/app/src/apps/shop/backend/controllers/login-post-controller.ts:39:13)\n    at Generator.next (<anonymous>)\n    at fulfilled (/app/src/apps/shop/backend/controllers/login-post-controller.ts:5:58)\n    at processTicksAndRejections (node:internal/process/task_queues:95:5)","statusCode":401}
[32minfo[39m:   Backoffice Backend App is running at http://localhost:3000 in dev mode
[32minfo[39m:   Press CTRL-C to stop

[32minfo[39m:   Backoffice Backend App is running at http://localhost:3000 in dev mode
[32minfo[39m:   Press CTRL-C to stop

[31merror[39m: Email not found {"httpCode":401,"stack":"Error: Email not found\n    at LoginPostController.<anonymous> (/app/src/apps/shop/backend/controllers/login-post-controller.ts:39:13)\n    at Generator.next (<anonymous>)\n    at fulfilled (/app/src/apps/shop/backend/controllers/login-post-controller.ts:5:58)\n    at processTicksAndRejections (node:internal/process/task_queues:95:5)","statusCode":401}
[31merror[39m: Email not found {"httpCode":401,"stack":"Error: Email not found\n    at LoginPostController.<anonymous> (/app/src/apps/shop/backend/controllers/login-post-controller.ts:39:13)\n    at Generator.next (<anonymous>)\n    at fulfilled (/app/src/apps/shop/backend/controllers/login-post-controller.ts:5:58)\n    at processTicksAndRejections (node:internal/process/task_queues:95:5)","statusCode":401}
[32minfo[39m:   Backoffice Backend App is running at http://localhost:3000 in dev mode
[32minfo[39m:   Press CTRL-C to stop

[32minfo[39m:   Backoffice Backend App is running at http://localhost:3000 in dev mode
[32minfo[39m:   Press CTRL-C to stop

[32minfo[39m:   Backoffice Backend App is running at http://localhost:3000 in dev mode
[32minfo[39m:   Press CTRL-C to stop

[31merror[39m: Cannot read properties of undefined (reading 'password') {"stack":"TypeError: Cannot read properties of undefined (reading 'password')\n    at LoginPostController.<anonymous> (/app/src/apps/shop/backend/controllers/login-post-controller.ts:44:37)\n    at Generator.next (<anonymous>)\n    at fulfilled (/app/src/apps/shop/backend/controllers/login-post-controller.ts:5:58)\n    at processTicksAndRejections (node:internal/process/task_queues:95:5)"}
[32minfo[39m:   Backoffice Backend App is running at http://localhost:3000 in dev mode
[32minfo[39m:   Press CTRL-C to stop

[32minfo[39m:   Backoffice Backend App is running at http://localhost:3000 in dev mode
[32minfo[39m:   Press CTRL-C to stop

[31merror[39m: Cannot read properties of undefined (reading 'password') {"stack":"TypeError: Cannot read properties of undefined (reading 'password')\n    at LoginPostController.<anonymous> (/app/src/apps/shop/backend/controllers/login-post-controller.ts:43:36)\n    at Generator.next (<anonymous>)\n    at fulfilled (/app/src/apps/shop/backend/controllers/login-post-controller.ts:5:58)\n    at processTicksAndRejections (node:internal/process/task_queues:95:5)"}
[32minfo[39m:   Backoffice Backend App is running at http://localhost:3000 in dev mode
[32minfo[39m:   Press CTRL-C to stop

[31merror[39m: Cannot read properties of undefined (reading 'password') {"stack":"TypeError: Cannot read properties of undefined (reading 'password')\n    at LoginPostController.<anonymous> (/app/src/apps/shop/backend/controllers/login-post-controller.ts:45:37)\n    at Generator.next (<anonymous>)\n    at fulfilled (/app/src/apps/shop/backend/controllers/login-post-controller.ts:5:58)\n    at processTicksAndRejections (node:internal/process/task_queues:95:5)"}
[32minfo[39m:   Backoffice Backend App is running at http://localhost:3000 in dev mode
[32minfo[39m:   Press CTRL-C to stop

[31merror[39m: Cannot read properties of undefined (reading 'password') {"stack":"TypeError: Cannot read properties of undefined (reading 'password')\n    at LoginPostController.<anonymous> (/app/src/apps/shop/backend/controllers/login-post-controller.ts:45:37)\n    at Generator.next (<anonymous>)\n    at fulfilled (/app/src/apps/shop/backend/controllers/login-post-controller.ts:5:58)\n    at processTicksAndRejections (node:internal/process/task_queues:95:5)"}
[32minfo[39m:   Backoffice Backend App is running at http://localhost:3000 in dev mode
[32minfo[39m:   Press CTRL-C to stop

[31merror[39m: Email or password is incorrect {"httpCode":401,"stack":"Error: Email or password is incorrect\n    at LoginPostController.<anonymous> (/app/src/apps/shop/backend/controllers/login-post-controller.ts:44:13)\n    at Generator.next (<anonymous>)\n    at fulfilled (/app/src/apps/shop/backend/controllers/login-post-controller.ts:5:58)\n    at processTicksAndRejections (node:internal/process/task_queues:95:5)","statusCode":401}
[32minfo[39m:   Backoffice Backend App is running at http://localhost:3000 in dev mode
[32minfo[39m:   Press CTRL-C to stop

[31merror[39m: Email or password is incorrect {"httpCode":401,"stack":"Error: Email or password is incorrect\n    at LoginPostController.<anonymous> (/app/src/apps/shop/backend/controllers/login-post-controller.ts:45:13)\n    at Generator.next (<anonymous>)\n    at fulfilled (/app/src/apps/shop/backend/controllers/login-post-controller.ts:5:58)\n    at processTicksAndRejections (node:internal/process/task_queues:95:5)","statusCode":401}
[32minfo[39m:   Backoffice Backend App is running at http://localhost:3000 in dev mode
[32minfo[39m:   Press CTRL-C to stop

[31merror[39m: Email or password is incorrect {"httpCode":401,"stack":"Error: Email or password is incorrect\n    at LoginPostController.<anonymous> (/app/src/apps/shop/backend/controllers/login-post-controller.ts:45:13)\n    at Generator.next (<anonymous>)\n    at fulfilled (/app/src/apps/shop/backend/controllers/login-post-controller.ts:5:58)\n    at processTicksAndRejections (node:internal/process/task_queues:95:5)","statusCode":401}
[32minfo[39m:   Backoffice Backend App is running at http://localhost:3000 in dev mode
[32minfo[39m:   Press CTRL-C to stop

[32minfo[39m:   Backoffice Backend App is running at http://localhost:3000 in dev mode
[32minfo[39m:   Press CTRL-C to stop

[32minfo[39m:   Backoffice Backend App is running at http://localhost:3000 in dev mode
[32minfo[39m:   Press CTRL-C to stop

[32minfo[39m:   Backoffice Backend App is running at http://localhost:3000 in dev mode
[32minfo[39m:   Press CTRL-C to stop

[32minfo[39m:   Backoffice Backend App is running at http://localhost:3000 in dev mode
[32minfo[39m:   Press CTRL-C to stop

[32minfo[39m:   Backoffice Backend App is running at http://localhost:3000 in dev mode
[32minfo[39m:   Press CTRL-C to stop

[32minfo[39m:   Backoffice Backend App is running at http://localhost:3000 in dev mode
[32minfo[39m:   Press CTRL-C to stop

[31merror[39m: The filter is invalid {"stack":"Error: The filter is invalid\n    at fromValues (/app/src/contexts/shared/domain/criteria/filter.ts:24:13)\n    at Array.map (<anonymous>)\n    at Function.fromValues (/app/src/contexts/shared/domain/criteria/filters.ts:11:32)\n    at SearchUsersByCriteriaQueryHandler.handle (/app/src/contexts/shop/user/application/search-by-criteria/search-users-by-criteria-query-handler.ts:19:29)\n    at InMemoryQueryBus.<anonymous> (/app/src/contexts/shared/infrastructure/query-bus/in-memory-query-bus.ts:13:27)\n    at Generator.next (<anonymous>)\n    at /app/src/contexts/shared/infrastructure/query-bus/in-memory-query-bus.ts:8:71\n    at new Promise (<anonymous>)\n    at __awaiter (/app/src/contexts/shared/infrastructure/query-bus/in-memory-query-bus.ts:4:12)\n    at InMemoryQueryBus.ask (/app/src/contexts/shared/infrastructure/query-bus/in-memory-query-bus.ts:18:16)"}
[32minfo[39m:   Backoffice Backend App is running at http://localhost:3000 in dev mode
[32minfo[39m:   Press CTRL-C to stop

[32minfo[39m:   Backoffice Backend App is running at http://localhost:3000 in dev mode
[32minfo[39m:   Press CTRL-C to stop

